Flow report for projet_vhdl
Mon Sep 20 10:45:56 2021
Quartus Prime Version 18.1.0 Build 625 09/12/2018 SJ Lite Edition


---------------------
; Table of Contents ;
---------------------
  1. Legal Notice
  2. Flow Summary
  3. Flow Settings
  4. Flow Non-Default Global Settings
  5. Flow Elapsed Time
  6. Flow OS Summary
  7. Flow Log
  8. Flow Messages
  9. Flow Suppressed Messages



----------------
; Legal Notice ;
----------------
Copyright (C) 2018  Intel Corporation. All rights reserved.
Your use of Intel Corporation's design tools, logic functions 
and other software and tools, and its AMPP partner logic 
functions, and any output files from any of the foregoing 
(including device programming or simulation files), and any 
associated documentation or information are expressly subject 
to the terms and conditions of the Intel Program License 
Subscription Agreement, the Intel Quartus Prime License Agreement,
the Intel FPGA IP License Agreement, or other applicable license
agreement, including, without limitation, that your use is for
the sole purpose of programming logic devices manufactured by
Intel and sold by Intel or its authorized distributors.  Please
refer to the applicable agreement for further details.



+----------------------------------------------------------------------------------+
; Flow Summary                                                                     ;
+------------------------------------+---------------------------------------------+
; Flow Status                        ; Successful - Mon Sep 20 10:45:56 2021       ;
; Quartus Prime Version              ; 18.1.0 Build 625 09/12/2018 SJ Lite Edition ;
; Revision Name                      ; projet_vhdl                                 ;
; Top-level Entity Name              ; nios_mcu                                    ;
; Family                             ; Cyclone IV E                                ;
; Device                             ; EP4CE22F17C6                                ;
; Timing Models                      ; Final                                       ;
; Total logic elements               ; 1,779 / 22,320 ( 8 % )                      ;
;     Total combinational functions  ; 1,617 / 22,320 ( 7 % )                      ;
;     Dedicated logic registers      ; 1,042 / 22,320 ( 5 % )                      ;
; Total registers                    ; 1042                                        ;
; Total pins                         ; 10 / 154 ( 6 % )                            ;
; Total virtual pins                 ; 0                                           ;
; Total memory bits                  ; 273,408 / 608,256 ( 45 % )                  ;
; Embedded Multiplier 9-bit elements ; 0 / 132 ( 0 % )                             ;
; Total PLLs                         ; 0 / 4 ( 0 % )                               ;
+------------------------------------+---------------------------------------------+


+-----------------------------------------+
; Flow Settings                           ;
+-------------------+---------------------+
; Option            ; Setting             ;
+-------------------+---------------------+
; Start date & time ; 09/20/2021 10:41:10 ;
; Main task         ; Compilation         ;
; Revision Name     ; projet_vhdl         ;
+-------------------+---------------------+


+-------------------------------------------------------------------------------------------------------------------------------------------------+
; Flow Non-Default Global Settings                                                                                                                ;
+-------------------------------------+------------------------------------------------------------+---------------+-------------+----------------+
; Assignment Name                     ; Value                                                      ; Default Value ; Entity Name ; Section Id     ;
+-------------------------------------+------------------------------------------------------------+---------------+-------------+----------------+
; COMPILER_SIGNATURE_ID               ; 176509003689420.163212726906257                            ; --            ; --          ; --             ;
; EDA_OUTPUT_DATA_FORMAT              ; Verilog Hdl                                                ; --            ; --          ; eda_simulation ;
; EDA_SIMULATION_TOOL                 ; ModelSim-Altera (Verilog)                                  ; <None>        ; --          ; --             ;
; EDA_TIME_SCALE                      ; 1 ps                                                       ; --            ; --          ; eda_simulation ;
; MAX_CORE_JUNCTION_TEMP              ; 85                                                         ; --            ; --          ; --             ;
; MIN_CORE_JUNCTION_TEMP              ; 0                                                          ; --            ; --          ; --             ;
; MISC_FILE                           ; nios/nios_mcu/synthesis/../nios_mcu.cmp                    ; --            ; --          ; --             ;
; MISC_FILE                           ; nios/nios_mcu/synthesis/../../nios_mcu.qsys                ; --            ; --          ; --             ;
; NOMINAL_CORE_SUPPLY_VOLTAGE         ; 1.2V                                                       ; --            ; --          ; --             ;
; PARTITION_COLOR                     ; -- (Not supported for targeted family)                     ; --            ; nios_mcu    ; Top            ;
; PARTITION_FITTER_PRESERVATION_LEVEL ; -- (Not supported for targeted family)                     ; --            ; nios_mcu    ; Top            ;
; PARTITION_NETLIST_TYPE              ; -- (Not supported for targeted family)                     ; --            ; nios_mcu    ; Top            ;
; POWER_BOARD_THERMAL_MODEL           ; None (CONSERVATIVE)                                        ; --            ; --          ; --             ;
; POWER_PRESET_COOLING_SOLUTION       ; 23 MM HEAT SINK WITH 200 LFPM AIRFLOW                      ; --            ; --          ; --             ;
; PROJECT_OUTPUT_DIRECTORY            ; output_files                                               ; --            ; --          ; --             ;
; SLD_FILE                            ; nios/nios_mcu/synthesis/nios_mcu.regmap                    ; --            ; --          ; --             ;
; SLD_FILE                            ; nios/nios_mcu/synthesis/nios_mcu.debuginfo                 ; --            ; --          ; --             ;
; SLD_INFO                            ; QSYS_NAME nios_mcu HAS_SOPCINFO 1 GENERATION_ID 1632118861 ; --            ; nios_mcu    ; --             ;
; SOPCINFO_FILE                       ; nios/nios_mcu/synthesis/../../nios_mcu.sopcinfo            ; --            ; --          ; --             ;
; SYNTHESIS_ONLY_QIP                  ; On                                                         ; --            ; --          ; --             ;
; TOP_LEVEL_ENTITY                    ; nios_mcu                                                   ; projet_vhdl   ; --          ; --             ;
+-------------------------------------+------------------------------------------------------------+---------------+-------------+----------------+


+--------------------------------------------------------------------------------------------------------------------------+
; Flow Elapsed Time                                                                                                        ;
+----------------------+--------------+-------------------------+---------------------+------------------------------------+
; Module Name          ; Elapsed Time ; Average Processors Used ; Peak Virtual Memory ; Total CPU Time (on all processors) ;
+----------------------+--------------+-------------------------+---------------------+------------------------------------+
; Analysis & Synthesis ; 00:02:34     ; 1.0                     ; 1060 MB             ; 00:04:56                           ;
; Fitter               ; 00:00:53     ; 1.0                     ; 1269 MB             ; 00:01:02                           ;
; Assembler            ; 00:00:10     ; 1.0                     ; 802 MB              ; 00:00:09                           ;
; Timing Analyzer      ; 00:00:13     ; 1.1                     ; 838 MB              ; 00:00:14                           ;
; EDA Netlist Writer   ; 00:00:23     ; 1.0                     ; 1059 MB             ; 00:00:22                           ;
; Total                ; 00:04:13     ; --                      ; --                  ; 00:06:43                           ;
+----------------------+--------------+-------------------------+---------------------+------------------------------------+


+------------------------------------------------------------------------------------------+
; Flow OS Summary                                                                          ;
+----------------------+------------------+---------------+---------------+----------------+
; Module Name          ; Machine Hostname ; OS Name       ; OS Version    ; Processor type ;
+----------------------+------------------+---------------+---------------+----------------+
; Analysis & Synthesis ; prince-t420      ; Manjaro Linux ; Manjaro Linux ; x86_64         ;
; Fitter               ; prince-t420      ; Manjaro Linux ; Manjaro Linux ; x86_64         ;
; Assembler            ; prince-t420      ; Manjaro Linux ; Manjaro Linux ; x86_64         ;
; Timing Analyzer      ; prince-t420      ; Manjaro Linux ; Manjaro Linux ; x86_64         ;
; EDA Netlist Writer   ; prince-t420      ; Manjaro Linux ; Manjaro Linux ; x86_64         ;
+----------------------+------------------+---------------+---------------+----------------+


------------
; Flow Log ;
------------
quartus_map --read_settings_files=on --write_settings_files=off projet_vhdl -c projet_vhdl
quartus_fit --read_settings_files=off --write_settings_files=off projet_vhdl -c projet_vhdl
quartus_asm --read_settings_files=off --write_settings_files=off projet_vhdl -c projet_vhdl
quartus_sta projet_vhdl -c projet_vhdl
quartus_eda --read_settings_files=off --write_settings_files=off projet_vhdl -c projet_vhdl



